<?xml version="1.0" encoding="UTF-8"?>
<testsuite name="com.eteration.simplebanking.DemoApplicationTests" tests="1" skipped="0" failures="0" errors="0" timestamp="2023-12-10T15:12:36" hostname="apples-MacBook-Pro.local" time="0.005">
  <properties/>
  <testcase name="contextLoads()" classname="com.eteration.simplebanking.DemoApplicationTests" time="0.005"/>
  <system-out><![CDATA[2023-12-10 18:12:34.661  INFO 39052 --- [    Test worker] o.s.t.c.support.AbstractContextLoader    : Could not detect default resource locations for test class [com.eteration.simplebanking.DemoApplicationTests]: no resource found for suffixes {-context.xml, Context.groovy}.
2023-12-10 18:12:34.661  INFO 39052 --- [    Test worker] t.c.s.AnnotationConfigContextLoaderUtils : Could not detect default configuration classes for test class [com.eteration.simplebanking.DemoApplicationTests]: DemoApplicationTests does not declare any static, non-private, non-final, nested classes annotated with @Configuration.
2023-12-10 18:12:34.664  INFO 39052 --- [    Test worker] .b.t.c.SpringBootTestContextBootstrapper : Found @SpringBootConfiguration com.eteration.simplebanking.DemoApplication for test class com.eteration.simplebanking.DemoApplicationTests
2023-12-10 18:12:34.669  INFO 39052 --- [    Test worker] .b.t.c.SpringBootTestContextBootstrapper : Loaded default TestExecutionListener class names from location [META-INF/spring.factories]: [org.springframework.boot.test.autoconfigure.restdocs.RestDocsTestExecutionListener, org.springframework.boot.test.autoconfigure.web.client.MockRestServiceServerResetTestExecutionListener, org.springframework.boot.test.autoconfigure.web.servlet.MockMvcPrintOnlyOnFailureTestExecutionListener, org.springframework.boot.test.autoconfigure.web.servlet.WebDriverTestExecutionListener, org.springframework.boot.test.autoconfigure.webservices.client.MockWebServiceServerTestExecutionListener, org.springframework.boot.test.mock.mockito.MockitoTestExecutionListener, org.springframework.boot.test.mock.mockito.ResetMocksTestExecutionListener, org.springframework.test.context.web.ServletTestExecutionListener, org.springframework.test.context.support.DirtiesContextBeforeModesTestExecutionListener, org.springframework.test.context.event.ApplicationEventsTestExecutionListener, org.springframework.test.context.support.DependencyInjectionTestExecutionListener, org.springframework.test.context.support.DirtiesContextTestExecutionListener, org.springframework.test.context.transaction.TransactionalTestExecutionListener, org.springframework.test.context.jdbc.SqlScriptsTestExecutionListener, org.springframework.test.context.event.EventPublishingTestExecutionListener]
2023-12-10 18:12:34.670  INFO 39052 --- [    Test worker] .b.t.c.SpringBootTestContextBootstrapper : Using TestExecutionListeners: [org.springframework.test.context.web.ServletTestExecutionListener@19439ec4, org.springframework.test.context.support.DirtiesContextBeforeModesTestExecutionListener@6f53f5a4, org.springframework.test.context.event.ApplicationEventsTestExecutionListener@21ebf9be, org.springframework.boot.test.mock.mockito.MockitoTestExecutionListener@7d50b4c4, org.springframework.boot.test.autoconfigure.SpringBootDependencyInjectionTestExecutionListener@7860a014, org.springframework.test.context.support.DirtiesContextTestExecutionListener@86e8469, org.springframework.test.context.transaction.TransactionalTestExecutionListener@76b6bad3, org.springframework.test.context.jdbc.SqlScriptsTestExecutionListener@e38d655, org.springframework.test.context.event.EventPublishingTestExecutionListener@7325b786, org.springframework.boot.test.autoconfigure.restdocs.RestDocsTestExecutionListener@f943847, org.springframework.boot.test.autoconfigure.web.client.MockRestServiceServerResetTestExecutionListener@4c376b44, org.springframework.boot.test.autoconfigure.web.servlet.MockMvcPrintOnlyOnFailureTestExecutionListener@47596e9, org.springframework.boot.test.autoconfigure.web.servlet.WebDriverTestExecutionListener@5ab29866, org.springframework.boot.test.autoconfigure.webservices.client.MockWebServiceServerTestExecutionListener@74cad577, org.springframework.boot.test.mock.mockito.ResetMocksTestExecutionListener@350ede1]

  .   ____          _            __ _ _
 /\\ / ___'_ __ _ _(_)_ __  __ _ \ \ \ \
( ( )\___ | '_ | '_| | '_ \/ _` | \ \ \ \
 \\/  ___)| |_)| | | | | || (_| |  ) ) ) )
  '  |____| .__|_| |_|_| |_\__, | / / / /
 =========|_|==============|___/=/_/_/_/
 :: Spring Boot ::                (v2.5.6)

2023-12-10 18:12:34.723  INFO 39052 --- [    Test worker] c.e.simplebanking.DemoApplicationTests   : Starting DemoApplicationTests using Java 17.0.5 on apples-MacBook-Pro.local with PID 39052 (started by ersin in /Users/ersin/repos/simplebanking)
2023-12-10 18:12:34.727  INFO 39052 --- [    Test worker] c.e.simplebanking.DemoApplicationTests   : No active profile set, falling back to default profiles: default
2023-12-10 18:12:35.116  INFO 39052 --- [    Test worker] .s.d.r.c.RepositoryConfigurationDelegate : Bootstrapping Spring Data JPA repositories in DEFAULT mode.
2023-12-10 18:12:35.151  INFO 39052 --- [    Test worker] .s.d.r.c.RepositoryConfigurationDelegate : Finished Spring Data repository scanning in 32 ms. Found 2 JPA repository interfaces.
2023-12-10 18:12:35.362  INFO 39052 --- [    Test worker] com.zaxxer.hikari.HikariDataSource       : HikariPool-2 - Starting...
2023-12-10 18:12:35.368  INFO 39052 --- [    Test worker] com.zaxxer.hikari.HikariDataSource       : HikariPool-2 - Start completed.
2023-12-10 18:12:35.384  INFO 39052 --- [    Test worker] o.hibernate.jpa.internal.util.LogHelper  : HHH000204: Processing PersistenceUnitInfo [name: default]
2023-12-10 18:12:35.393  INFO 39052 --- [    Test worker] org.hibernate.dialect.Dialect            : HHH000400: Using dialect: org.hibernate.dialect.H2Dialect
2023-12-10 18:12:35.584  INFO 39052 --- [    Test worker] o.h.e.t.j.p.i.JtaPlatformInitiator       : HHH000490: Using JtaPlatform implementation: [org.hibernate.engine.transaction.jta.platform.internal.NoJtaPlatform]
2023-12-10 18:12:35.587  INFO 39052 --- [    Test worker] j.LocalContainerEntityManagerFactoryBean : Initialized JPA EntityManagerFactory for persistence unit 'default'
2023-12-10 18:12:36.266  WARN 39052 --- [    Test worker] JpaBaseConfiguration$JpaWebConfiguration : spring.jpa.open-in-view is enabled by default. Therefore, database queries may be performed during view rendering. Explicitly configure spring.jpa.open-in-view to disable this warning
2023-12-10 18:12:36.707  INFO 39052 --- [    Test worker] c.e.simplebanking.DemoApplicationTests   : Started DemoApplicationTests in 2.034 seconds (JVM running for 9.846)
]]></system-out>
  <system-err><![CDATA[]]></system-err>
</testsuite>
